
hello
hello
hello
hello
hello
hello
hello
hello
hello
hello
Domain fs1 started

Domain worker11 started

sh: 0: Can't open /home/amgaa/ClusterNap/server/cofffig/script_files/off/worker11
Host key verification failed.
Permission denied, please try again.
Permission denied, please try again.
Permission denied (publickey,password).
sh: 0: Can't open /home/root/ClusterNap/server/config/script_files/off/worker11
Host key verification failed.
Permission denied, please try again.
Permission denied, please try again.
Permission denied (publickey,password).
Permission denied, please try again.
Permission denied, please try again.
Permission denied (publickey,password).
Host key verification failed.
Permission denied, please try again.
Permission denied, please try again.
Permission denied (publickey,password).
Domain worker11 is being shutdown

Domain worker11 is being shutdown

Domain fs1 is being shutdown

Domain fs1 is being shutdown

Domain worker51 is being shutdown

Domain worker51 is being shutdown

Domain worker52 is being shutdown

Domain worker52 is being shutdown

Domain worker21 is being shutdown

Domain worker21 is being shutdown

Domain worker22 is being shutdown

Domain worker22 is being shutdown

Domain worker32 is being shutdown

Domain worker32 is being shutdown

Domain worker31 is being shutdown

Domain worker31 is being shutdown

error: Failed to shutdown domain worker11
error: Requested operation is not valid: domain is not running

Domain worker12 is being shutdown

Domain worker12 is being shutdown

Domain worker42 is being shutdown

Domain worker42 is being shutdown

Domain worker41 is being shutdown

Domain worker41 is being shutdown

error: Failed to shutdown domain worker11
error: Requested operation is not valid: domain is not running

Domain fs2 is being shutdown

Domain fs2 is being shutdown

Domain fs3 is being shutdown

Domain fs3 is being shutdown

Domain fs4 is being shutdown

Domain fs4 is being shutdown

Domain fs5 is being shutdown

Domain fs5 is being shutdown

error: Failed to shutdown domain worker11
error: Requested operation is not valid: domain is not running

Domain fs1 is being shutdown

Domain fs1 is being shutdown

Domain fs1 started

Domain fs2 started

Domain fs3 started

Domain fs4 started

Domain fs5 started

Domain worker11 started

Domain worker12 started

Domain worker21 started

Domain worker22 started

Domain worker31 started

Domain worker32 started

Domain worker41 started

Domain worker42 started

Domain worker51 started

Domain worker52 started

Domain worker11 is being shutdown

Domain worker11 is being shutdown

Domain worker12 is being shutdown

Domain worker12 is being shutdown

Domain fs1 is being shutdown

Domain fs1 is being shutdown

Domain worker32 is being shutdown

Domain worker32 is being shutdown

Domain worker31 is being shutdown

Domain worker31 is being shutdown

Domain fs1 started

Domain fs3 is being shutdown

Domain fs3 is being shutdown

Domain worker51 is being shutdown

Domain worker51 is being shutdown

Domain worker52 is being shutdown

Domain worker52 is being shutdown

Domain worker21 is being shutdown

Domain worker21 is being shutdown

Domain worker22 is being shutdown

Domain worker22 is being shutdown

Domain worker42 is being shutdown

Domain worker42 is being shutdown

Domain worker41 is being shutdown

Domain worker41 is being shutdown

Domain fs2 is being shutdown

Domain fs2 is being shutdown

Domain fs4 is being shutdown

Domain fs4 is being shutdown

Domain fs5 is being shutdown

Domain fs5 is being shutdown

Domain fs1 is being shutdown

Domain fs1 is being shutdown

Domain fs1 started

Domain fs2 started

Domain fs3 started

Domain fs4 started

Domain fs5 started

Domain worker11 started

Domain worker21 started

Domain worker32 started

Domain worker42 started

Domain worker51 started

Domain worker51 is being shutdown

Domain worker51 is being shutdown

Domain worker32 is being shutdown

Domain worker32 is being shutdown

Domain worker42 is being shutdown

Domain worker42 is being shutdown

Domain fs3 is being shutdown

Domain fs3 is being shutdown

Domain fs4 is being shutdown

Domain fs4 is being shutdown

Domain fs5 is being shutdown

Domain fs5 is being shutdown

Domain fs5 started

Domain worker52 started

Domain worker52 is being shutdown

Domain worker52 is being shutdown

error: Failed to shutdown domain worker52
error: Requested operation is not valid: domain is not running

Domain fs5 is being shutdown

Domain fs5 is being shutdown

error: Failed to shutdown domain fs5
error: Requested operation is not valid: domain is not running

Domain fs3 started

error: Domain is already active

Domain worker32 started

error: Domain is already active

Domain worker21 is being shutdown

Domain worker21 is being shutdown

Domain fs2 is being shutdown

Domain fs2 is being shutdown

Domain fs5 started

error: Domain is already active

Domain worker51 started

error: Domain is already active

Domain worker11 is being shutdown

Domain worker11 is being shutdown

Domain fs1 is being shutdown

Domain fs1 is being shutdown

Domain fs1 started

error: Domain is already active

Domain worker11 started

error: Domain is already active

Domain fs2 started

error: Domain is already active

Domain fs4 started

error: Domain is already active

Domain worker51 is being shutdown

Domain worker51 is being shutdown

Domain worker32 is being shutdown

Domain worker32 is being shutdown

Domain worker11 is being shutdown

Domain worker11 is being shutdown

Domain worker11 started

error: Domain is already active

Domain worker12 started

error: Domain is already active

Domain worker21 started

error: Domain is already active

Domain worker22 started

error: Domain is already active

Domain worker31 started

error: Domain is already active

Domain worker32 started

error: Domain is already active

Domain worker41 started

error: Domain is already active

Domain worker42 started

error: Domain is already active

Domain worker51 started

error: Domain is already active

Domain worker52 started

error: Domain is already active

Domain worker51 is being shutdown

Domain worker51 is being shutdown

Domain worker52 is being shutdown

Domain worker52 is being shutdown

Domain worker21 is being shutdown

Domain worker21 is being shutdown

Domain worker22 is being shutdown

Domain worker22 is being shutdown

Domain worker32 is being shutdown

Domain worker32 is being shutdown

Domain worker31 is being shutdown

Domain worker31 is being shutdown

Domain worker11 is being shutdown

Domain worker11 is being shutdown

Domain worker12 is being shutdown

Domain worker12 is being shutdown

Domain worker42 is being shutdown

Domain worker42 is being shutdown

Domain worker41 is being shutdown

Domain worker41 is being shutdown

Domain fs1 is being shutdown

Domain fs1 is being shutdown

Domain fs2 is being shutdown

Domain fs2 is being shutdown

Domain fs3 is being shutdown

Domain fs3 is being shutdown

Domain fs4 is being shutdown

Domain fs4 is being shutdown

Domain fs5 is being shutdown

Domain fs5 is being shutdown



Domain fs1 started

Domain fs3 started


Domain fs2 started


Domain fs4 started


Domain fs5 started


Domain worker12 started

Domain worker32 started



Domain worker22 started

Domain worker41 started


Domain worker31 started


Domain worker21 started


Domain worker52 started


Domain worker11 started

Domain worker42 started

Domain worker51 started

Domain worker52 is being shutdown

Domain worker51 is being shutdown

Domain worker51 is being shutdown

Domain worker22 is being shutdown

Domain worker52 is being shutdown

Domain worker32 is being shutdown

Domain worker12 is being shutdown

Domain worker22 is being shutdown

Domain worker41 is being shutdown

Domain worker42 is being shutdown

Domain worker42 is being shutdown

Domain worker11 is being shutdown

Domain worker11 is being shutdown

Domain worker32 is being shutdown

Domain worker21 is being shutdown

Domain worker21 is being shutdown

Domain worker41 is being shutdown

Domain worker31 is being shutdown

Domain worker31 is being shutdown




Domain worker11 started

Domain worker31 started


Domain worker51 started

Domain worker12 started

Domain worker21 started

Domain worker32 started


Domain worker52 started


Domain worker22 started


Domain worker41 started

Domain worker22 is being shutdown

Domain worker22 is being shutdown

Domain worker42 is being shutdown

Domain worker12 is being shutdown

Domain worker31 is being shutdown

Domain worker52 is being shutdown

Domain worker21 is being shutdown

Domain worker21 is being shutdown

Domain worker31 is being shutdown

Domain worker32 is being shutdown

Domain worker41 is being shutdown

Domain worker42 is being shutdown

Domain worker51 is being shutdown

Domain worker11 is being shutdown

Domain worker41 is being shutdown

Domain worker31 started

Domain worker22 started

Domain worker42 started

Domain worker32 started

Domain worker51 started

Domain worker11 started

Domain worker21 started

Domain worker52 started

Domain worker41 started

Domain worker12 started

Domain worker21 is being shutdown

Domain worker52 is being shutdown

Domain worker51 is being shutdown

Domain worker51 is being shutdown

Domain worker52 is being shutdown

Domain worker32 is being shutdown

Domain worker32 is being shutdown

Domain worker42 is being shutdown

Domain worker12 is being shutdown

Domain worker41 is being shutdown

Domain worker22 is being shutdown

Domain worker11 is being shutdown

Domain worker22 is being shutdown

Domain worker21 is being shutdown

Domain worker21 started

Domain worker32 started

Domain worker52 started

Domain worker41 started

Domain worker11 started

Domain worker22 started

Domain worker12 started

Domain worker31 started

Domain worker51 started




sh: 0: Can't open /home/amgaa/ClusterNap/server/cofffig/script_files/off/local_cpu8
sh: 0: Can't open /home/amgaa/ClusterNap/server/cofffig/script_files/off/local_cpu8
